<?xml version="1.0" encoding="UTF-8"?>
<testsuite xmlns:xsi="http://www.w3.org/2001/XMLSchema-instance" xsi:noNamespaceSchemaLocation="https://maven.apache.org/surefire/maven-surefire-plugin/xsd/surefire-test-report.xsd" name="com.hackernewapi.util.CommonUtilTest" time="0.006" tests="3" errors="0" skipped="0" failures="0">
  <properties>
[...]
</properties>
  <testcase name="testReturnMapSortedByValues" classname="com.hackernewapi.util.CommonUtilTest" time="0"/>
  <testcase name="hackerNewsObjectsToHackerNewsStories" classname="com.hackernewapi.util.CommonUtilTest" time="0.006"/>
  <testcase name="testGetDifferenceInYears" classname="com.hackernewapi.util.CommonUtilTest" time="0"/>
</testsuite>